<?xml version="1.0" encoding="UTF-8"?>
<!-- Generated by org.testng.reporters.JUnitReportReporter -->
<testsuite hostname="LAPTOP-VVFLQPG2" failures="0" tests="1" name="TestCases.LoginApplication" time="8.383" errors="0" timestamp="16 Sep 2018 08:37:48 GMT" skipped="0">
  <testcase classname="TestCases.LoginApplication" name="Login" time="8.383"/>
</testsuite> <!-- TestCases.LoginApplication -->
